  Main.cpp
d:\vsrepo\learnopengl\colorload\cmesh.h(288): warning C4227: 使用了记时错误: 忽略引用上的限定符
d:\vsrepo\learnopengl\colorload\cmesh.h(125): warning C4267: “参数”: 从“size_t”转换到“GLsizei”，可能丢失数据
d:\vsrepo\learnopengl\colorload\cmesh.h(160): warning C4267: “参数”: 从“size_t”转换到“GLsizei”，可能丢失数据
d:\vsrepo\learnopengl\colorload\cmesh.h(182): warning C4244: “初始化”: 从“T”转换到“int”，可能丢失数据
          with
          [
              T=float
          ]
d:\vsrepo\learnopengl\colorload\cmesh.h(183): warning C4244: “初始化”: 从“T”转换到“int”，可能丢失数据
          with
          [
              T=float
          ]
d:\vsrepo\learnopengl\colorload\cmodel.h(265): warning C4018: “<”: 有符号/无符号不匹配
d:\vsrepo\learnopengl\colorload\ctinymodel.h(59): warning C4267: “+=”: 从“size_t”转换到“int”，可能丢失数据
d:\vsrepo\learnopengl\colorload\cbuildobj.h(45): warning C4267: “+=”: 从“size_t”转换到“int”，可能丢失数据
d:\vsrepo\learnopengl\colorload\main.cpp(111): warning C4244: “初始化”: 从“double”转换到“float”，可能丢失数据
d:\vsrepo\learnopengl\colorload\main.cpp(191): warning C4244: “=”: 从“double”转换到“float”，可能丢失数据
d:\vsrepo\learnopengl\colorload\main.cpp(192): warning C4244: “=”: 从“double”转换到“float”，可能丢失数据
d:\vsrepo\learnopengl\colorload\main.cpp(196): warning C4244: “初始化”: 从“double”转换到“float”，可能丢失数据
d:\vsrepo\learnopengl\colorload\main.cpp(197): warning C4244: “初始化”: 从“double”转换到“float”，可能丢失数据
d:\vsrepo\learnopengl\colorload\main.cpp(199): warning C4244: “=”: 从“double”转换到“float”，可能丢失数据
d:\vsrepo\learnopengl\colorload\main.cpp(200): warning C4244: “=”: 从“double”转换到“float”，可能丢失数据
d:\vsrepo\learnopengl\colorload\main.cpp(209): warning C4244: “参数”: 从“double”转换到“float”，可能丢失数据
  ColorLoad.vcxproj -> D:\vsrepo\learnOpenGL\x64\Debug\ColorLoad.exe
